[0.038s] Invoking command in '/home/ros/ws/build/my_bot': CMAKE_PREFIX_PATH=${CMAKE_PREFIX_PATH}:/opt/ros/humble /usr/bin/cmake --build /home/ros/ws/build/my_bot -- -j24 -l24
[0.135s] Invoked command in '/home/ros/ws/build/my_bot' returned '0': CMAKE_PREFIX_PATH=${CMAKE_PREFIX_PATH}:/opt/ros/humble /usr/bin/cmake --build /home/ros/ws/build/my_bot -- -j24 -l24
[0.160s] Invoking command in '/home/ros/ws/build/my_bot': CMAKE_PREFIX_PATH=${CMAKE_PREFIX_PATH}:/opt/ros/humble /usr/bin/cmake --install /home/ros/ws/build/my_bot
[0.179s] -- Install configuration: ""
[0.180s] -- Execute custom install script
[0.181s] -- Up-to-date symlink: /home/ros/ws/install/my_bot/share/my_bot/config/empty.yaml
[0.181s] -- Symlinking: /home/ros/ws/install/my_bot/share/my_bot/description/inertial_macros.xacro
[0.205s] -- Up-to-date symlink: /home/ros/ws/install/my_bot/share/my_bot/description/robot.urdf.xacro
[0.205s] -- Up-to-date symlink: /home/ros/ws/install/my_bot/share/my_bot/description/robot_core.xacro
[0.205s] -- Up-to-date symlink: /home/ros/ws/install/my_bot/share/my_bot/launch/rsp.launch.py
[0.206s] -- Up-to-date symlink: /home/ros/ws/install/my_bot/share/my_bot/worlds/empty.world
[0.207s] -- Up-to-date symlink: /home/ros/ws/install/my_bot/share/ament_index/resource_index/package_run_dependencies/my_bot
[0.207s] -- Up-to-date symlink: /home/ros/ws/install/my_bot/share/ament_index/resource_index/parent_prefix_path/my_bot
[0.208s] -- Up-to-date symlink: /home/ros/ws/install/my_bot/share/my_bot/environment/ament_prefix_path.sh
[0.209s] -- Up-to-date symlink: /home/ros/ws/install/my_bot/share/my_bot/environment/ament_prefix_path.dsv
[0.209s] -- Up-to-date symlink: /home/ros/ws/install/my_bot/share/my_bot/environment/path.sh
[0.209s] -- Up-to-date symlink: /home/ros/ws/install/my_bot/share/my_bot/environment/path.dsv
[0.210s] -- Up-to-date symlink: /home/ros/ws/install/my_bot/share/my_bot/local_setup.bash
[0.210s] -- Up-to-date symlink: /home/ros/ws/install/my_bot/share/my_bot/local_setup.sh
[0.211s] -- Up-to-date symlink: /home/ros/ws/install/my_bot/share/my_bot/local_setup.zsh
[0.211s] -- Up-to-date symlink: /home/ros/ws/install/my_bot/share/my_bot/local_setup.dsv
[0.212s] -- Symlinking: /home/ros/ws/install/my_bot/share/my_bot/package.dsv
[0.237s] -- Up-to-date symlink: /home/ros/ws/install/my_bot/share/ament_index/resource_index/packages/my_bot
[0.238s] -- Up-to-date symlink: /home/ros/ws/install/my_bot/share/my_bot/cmake/my_botConfig.cmake
[0.238s] -- Up-to-date symlink: /home/ros/ws/install/my_bot/share/my_bot/cmake/my_botConfig-version.cmake
[0.238s] -- Up-to-date symlink: /home/ros/ws/install/my_bot/share/my_bot/package.xml
[0.243s] Invoked command in '/home/ros/ws/build/my_bot' returned '0': CMAKE_PREFIX_PATH=${CMAKE_PREFIX_PATH}:/opt/ros/humble /usr/bin/cmake --install /home/ros/ws/build/my_bot
