[0.037s] Invoking command in '/home/ros/ws/build/my_bot': CMAKE_PREFIX_PATH=/opt/ros/humble /usr/bin/cmake /home/ros/ws/src/my_bot -DAMENT_CMAKE_SYMLINK_INSTALL=1 -DCMAKE_INSTALL_PREFIX=/home/ros/ws/install/my_bot
[0.282s] -- The C compiler identification is GNU 11.4.0
[0.479s] -- The CXX compiler identification is GNU 11.4.0
[0.503s] -- Detecting C compiler ABI info
[0.694s] -- Detecting C compiler ABI info - done
[0.715s] -- Check for working C compiler: /usr/bin/cc - skipped
[0.723s] -- Detecting C compile features
[0.725s] -- Detecting C compile features - done
[0.736s] -- Detecting CXX compiler ABI info
[0.948s] -- Detecting CXX compiler ABI info - done
[0.968s] -- Check for working CXX compiler: /usr/bin/c++ - skipped
[0.969s] -- Detecting CXX compile features
[0.971s] -- Detecting CXX compile features - done
[0.992s] -- Found ament_cmake: 1.3.12 (/opt/ros/humble/share/ament_cmake/cmake)
[1.446s] -- Found Python3: /usr/bin/python3 (found version "3.10.12") found components: Interpreter 
[1.633s] -- Override CMake install command with custom implementation using symlinks instead of copying resources
[1.762s] -- Found ament_lint_auto: 0.12.14 (/opt/ros/humble/share/ament_lint_auto/cmake)
[2.024s] -- Added test 'copyright' to check source files copyright and LICENSE
[2.044s] -- Added test 'flake8' to check Python code syntax and style conventions
[2.048s] -- Added test 'lint_cmake' to check CMake code style
[2.050s] -- Added test 'pep257' to check Python code against some of the docstring style conventions in PEP 257
[2.061s] -- Added test 'xmllint' to check XML markup files
[2.065s] -- Configuring done
[2.072s] -- Generating done
[2.076s] -- Build files have been written to: /home/ros/ws/build/my_bot
[2.086s] Invoked command in '/home/ros/ws/build/my_bot' returned '0': CMAKE_PREFIX_PATH=/opt/ros/humble /usr/bin/cmake /home/ros/ws/src/my_bot -DAMENT_CMAKE_SYMLINK_INSTALL=1 -DCMAKE_INSTALL_PREFIX=/home/ros/ws/install/my_bot
[2.090s] Invoking command in '/home/ros/ws/build/my_bot': CMAKE_PREFIX_PATH=/opt/ros/humble /usr/bin/cmake --build /home/ros/ws/build/my_bot -- -j24 -l24
[2.190s] Invoked command in '/home/ros/ws/build/my_bot' returned '0': CMAKE_PREFIX_PATH=/opt/ros/humble /usr/bin/cmake --build /home/ros/ws/build/my_bot -- -j24 -l24
[2.214s] Invoking command in '/home/ros/ws/build/my_bot': CMAKE_PREFIX_PATH=/opt/ros/humble /usr/bin/cmake --install /home/ros/ws/build/my_bot
[2.232s] -- Install configuration: ""
[2.234s] -- Execute custom install script
[2.235s] -- Symlinking: /home/ros/ws/install/my_bot/share/my_bot/config/empty.yaml
[2.256s] -- Symlinking: /home/ros/ws/install/my_bot/share/my_bot/description/robot.urdf.xacro
[2.278s] -- Symlinking: /home/ros/ws/install/my_bot/share/my_bot/launch/rsp.launch.py
[2.300s] -- Symlinking: /home/ros/ws/install/my_bot/share/my_bot/worlds/empty.world
[2.321s] -- Symlinking: /home/ros/ws/install/my_bot/share/ament_index/resource_index/package_run_dependencies/my_bot
[2.344s] -- Symlinking: /home/ros/ws/install/my_bot/share/ament_index/resource_index/parent_prefix_path/my_bot
[2.365s] -- Symlinking: /home/ros/ws/install/my_bot/share/my_bot/environment/ament_prefix_path.sh
[2.387s] -- Symlinking: /home/ros/ws/install/my_bot/share/my_bot/environment/ament_prefix_path.dsv
[2.409s] -- Symlinking: /home/ros/ws/install/my_bot/share/my_bot/environment/path.sh
[2.433s] -- Symlinking: /home/ros/ws/install/my_bot/share/my_bot/environment/path.dsv
[2.454s] -- Symlinking: /home/ros/ws/install/my_bot/share/my_bot/local_setup.bash
[2.476s] -- Symlinking: /home/ros/ws/install/my_bot/share/my_bot/local_setup.sh
[2.497s] -- Symlinking: /home/ros/ws/install/my_bot/share/my_bot/local_setup.zsh
[2.518s] -- Symlinking: /home/ros/ws/install/my_bot/share/my_bot/local_setup.dsv
[2.541s] -- Symlinking: /home/ros/ws/install/my_bot/share/my_bot/package.dsv
[2.562s] -- Symlinking: /home/ros/ws/install/my_bot/share/ament_index/resource_index/packages/my_bot
[2.583s] -- Symlinking: /home/ros/ws/install/my_bot/share/my_bot/cmake/my_botConfig.cmake
[2.603s] -- Symlinking: /home/ros/ws/install/my_bot/share/my_bot/cmake/my_botConfig-version.cmake
[2.627s] -- Symlinking: /home/ros/ws/install/my_bot/share/my_bot/package.xml
[2.652s] Invoked command in '/home/ros/ws/build/my_bot' returned '0': CMAKE_PREFIX_PATH=/opt/ros/humble /usr/bin/cmake --install /home/ros/ws/build/my_bot
